<?xml version="1.0" encoding="UTF-8"?>
<!-- Generated by org.testng.reporters.JUnitXMLReporter -->
<testsuite ignored="17" hostname="Gerald-PC" failures="0" tests="1" name="Default test" time="0.049" errors="0" timestamp="2020-03-03T14:01:11 SGT">
  <testcase classname="resources.base" name="@BeforeTest setInputSheetName" time="-1.583215271698E9">
    <failure type="org.testng.TestNGException" message="
Parameter &amp;apos;inputsheetname&amp;apos; is required by BeforeTest on method setInputSheetName but has not been marked @Optional or defined
in C:\Users\OJT - Project Sec1\AppData\Local\Temp\testng-eclipse-532479286\testng-customsuite.xml">
      <![CDATA[org.testng.TestNGException: 
Parameter 'inputsheetname' is required by BeforeTest on method setInputSheetName but has not been marked @Optional or defined
in C:\Users\OJT - Project Sec1\AppData\Local\Temp\testng-eclipse-532479286\testng-customsuite.xml
at org.testng.internal.Parameters.createParams(Parameters.java:289)
at org.testng.internal.Parameters.createParametersForMethod(Parameters.java:377)
at org.testng.internal.Parameters.createParameters(Parameters.java:721)
at org.testng.internal.Parameters.createConfigurationParameters(Parameters.java:164)
at org.testng.internal.ConfigInvoker.invokeConfigurations(ConfigInvoker.java:275)
at org.testng.TestRunner.invokeTestConfigurations(TestRunner.java:623)
at org.testng.TestRunner.beforeRun(TestRunner.java:613)
at org.testng.TestRunner.run(TestRunner.java:584)
at org.testng.SuiteRunner.runTest(SuiteRunner.java:402)
at org.testng.SuiteRunner.runSequentially(SuiteRunner.java:396)
at org.testng.SuiteRunner.privateRun(SuiteRunner.java:355)
at org.testng.SuiteRunner.run(SuiteRunner.java:304)
at org.testng.SuiteRunnerWorker.runSuite(SuiteRunnerWorker.java:53)
at org.testng.SuiteRunnerWorker.run(SuiteRunnerWorker.java:96)
at org.testng.TestNG.runSuitesSequentially(TestNG.java:1180)
at org.testng.TestNG.runSuitesLocally(TestNG.java:1102)
at org.testng.TestNG.runSuites(TestNG.java:1032)
at org.testng.TestNG.run(TestNG.java:1000)
at org.testng.remote.AbstractRemoteTestNG.run(AbstractRemoteTestNG.java:115)
at org.testng.remote.RemoteTestNG.initAndRun(RemoteTestNG.java:251)
at org.testng.remote.RemoteTestNG.main(RemoteTestNG.java:77)
]]>
    </failure>
  </testcase> <!-- @BeforeTest setInputSheetName -->
  <testcase classname="resources.base" name="@BeforeTest setUp" time="-1.583215271708E9">
    <skipped/>
  </testcase> <!-- @BeforeTest setUp -->
  <testcase classname="OhJobsPHTest.OhJobsPhTest" name="@BeforeTest initializeDriver" time="-1.583215271711E9">
    <skipped/>
  </testcase> <!-- @BeforeTest initializeDriver -->
  <testcase classname="OhJobsPHTest.OhJobsPhTest" name="@AfterTest tearDown" time="-1.583215271743E9">
    <skipped/>
  </testcase> <!-- @AfterTest tearDown -->
  <testcase classname="OhJobsPHTest.OhJobsPhTest" name="jobseekerEditPersonalInformationMobile" time="0.0">
    <skipped/>
  </testcase> <!-- jobseekerEditPersonalInformationMobile -->
  <testcase classname="OhJobsPHTest.OhJobsPhTest" name="employerLoginWeb" time="0.0">
    <ignored/>
  </testcase> <!-- employerLoginWeb -->
  <testcase classname="OhJobsPHTest.OhJobsPhTest" name="jobseekerAddSkillsWeb" time="0.0">
    <ignored/>
  </testcase> <!-- jobseekerAddSkillsWeb -->
  <testcase classname="OhJobsPHTest.OhJobsPhTest" name="employerApproveJobseekerApplication" time="0.0">
    <ignored/>
  </testcase> <!-- employerApproveJobseekerApplication -->
  <testcase classname="OhJobsPHTest.OhJobsPhTest" name="jobseekerApplyJobOnWeb" time="0.0">
    <ignored/>
  </testcase> <!-- jobseekerApplyJobOnWeb -->
  <testcase classname="OhJobsPHTest.OhJobsPhTest" name="jobseekerSignUpWeb" time="0.0">
    <ignored/>
  </testcase> <!-- jobseekerSignUpWeb -->
  <testcase classname="OhJobsPHTest.OhJobsPhTest" name="employerEditProfile" time="0.0">
    <ignored/>
  </testcase> <!-- employerEditProfile -->
  <testcase classname="OhJobsPHTest.OhJobsPhTest" name="webmasterApproveJobPost" time="0.0">
    <ignored/>
  </testcase> <!-- webmasterApproveJobPost -->
  <testcase classname="OhJobsPHTest.OhJobsPhTest" name="jobseekerEditIntroductionWeb" time="0.0">
    <ignored/>
  </testcase> <!-- jobseekerEditIntroductionWeb -->
  <testcase classname="OhJobsPHTest.OhJobsPhTest" name="employerAddJob" time="0.0">
    <ignored/>
  </testcase> <!-- employerAddJob -->
  <testcase classname="OhJobsPHTest.OhJobsPhTest" name="jobseekerAddWorkExperience" time="0.0">
    <ignored/>
  </testcase> <!-- jobseekerAddWorkExperience -->
  <testcase classname="OhJobsPHTest.OhJobsPhTest" name="jobseekerApplyJobOnMobile" time="0.0">
    <ignored/>
  </testcase> <!-- jobseekerApplyJobOnMobile -->
  <testcase classname="OhJobsPHTest.OhJobsPhTest" name="employerSignUp" time="0.0">
    <ignored/>
  </testcase> <!-- employerSignUp -->
  <testcase classname="OhJobsPHTest.OhJobsPhTest" name="jobseekerLoginWeb" time="0.0">
    <ignored/>
  </testcase> <!-- jobseekerLoginWeb -->
  <testcase classname="OhJobsPHTest.OhJobsPhTest" name="jobseekerSelectJobPreferenceWeb" time="0.0">
    <ignored/>
  </testcase> <!-- jobseekerSelectJobPreferenceWeb -->
  <testcase classname="OhJobsPHTest.OhJobsPhTest" name="jobseekerAddEducationalBackgroundWeb" time="0.0">
    <ignored/>
  </testcase> <!-- jobseekerAddEducationalBackgroundWeb -->
  <testcase classname="OhJobsPHTest.OhJobsPhTest" name="jobseekerAddOtherInformation" time="0.0">
    <ignored/>
  </testcase> <!-- jobseekerAddOtherInformation -->
  <testcase classname="OhJobsPHTest.OhJobsPhTest" name="jobseekerEditPersonalInformationWeb" time="0.0">
    <ignored/>
  </testcase> <!-- jobseekerEditPersonalInformationWeb -->
</testsuite> <!-- Default test -->
